Flow report for coder
Sat Jan 18 15:54:43 2020
Quartus II 32-bit Version 13.1.0 Build 162 10/23/2013 SJ Full Version


---------------------
; Table of Contents ;
---------------------
  1. Legal Notice
  2. Flow Summary
  3. Flow Settings
  4. Flow Non-Default Global Settings
  5. Flow Elapsed Time
  6. Flow OS Summary
  7. Flow Log
  8. Flow Messages
  9. Flow Suppressed Messages



----------------
; Legal Notice ;
----------------
Copyright (C) 1991-2013 Altera Corporation
Your use of Altera Corporation's design tools, logic functions 
and other software and tools, and its AMPP partner logic 
functions, and any output files from any of the foregoing 
(including device programming or simulation files), and any 
associated documentation or information are expressly subject 
to the terms and conditions of the Altera Program License 
Subscription Agreement, Altera MegaCore Function License 
Agreement, or other applicable license agreement, including, 
without limitation, that your use is for the sole purpose of 
programming logic devices manufactured by Altera and sold by 
Altera or its authorized distributors.  Please refer to the 
applicable agreement for further details.



+----------------------------------------------------------------------------------+
; Flow Summary                                                                     ;
+------------------------------------+---------------------------------------------+
; Flow Status                        ; Successful - Sat Jan 18 15:54:43 2020       ;
; Quartus II 32-bit Version          ; 13.1.0 Build 162 10/23/2013 SJ Full Version ;
; Revision Name                      ; coder                                       ;
; Top-level Entity Name              ; img_coding                                  ;
; Family                             ; Cyclone IV E                                ;
; Device                             ; EP4CE10F17I7                                ;
; Timing Models                      ; Final                                       ;
; Total logic elements               ; 142 / 10,320 ( 1 % )                        ;
;     Total combinational functions  ; 139 / 10,320 ( 1 % )                        ;
;     Dedicated logic registers      ; 71 / 10,320 ( < 1 % )                       ;
; Total registers                    ; 71                                          ;
; Total pins                         ; 19 / 180 ( 11 % )                           ;
; Total virtual pins                 ; 0                                           ;
; Total memory bits                  ; 0 / 423,936 ( 0 % )                         ;
; Embedded Multiplier 9-bit elements ; 0 / 46 ( 0 % )                              ;
; Total PLLs                         ; 0 / 2 ( 0 % )                               ;
+------------------------------------+---------------------------------------------+


+-----------------------------------------+
; Flow Settings                           ;
+-------------------+---------------------+
; Option            ; Setting             ;
+-------------------+---------------------+
; Start date & time ; 01/18/2020 15:53:56 ;
; Main task         ; Compilation         ;
; Revision Name     ; coder               ;
+-------------------+---------------------+


+--------------------------------------------------------------------------------------------------------------------------------+
; Flow Non-Default Global Settings                                                                                               ;
+--------------------------------------+---------------------------------------+---------------+-------------+-------------------+
; Assignment Name                      ; Value                                 ; Default Value ; Entity Name ; Section Id        ;
+--------------------------------------+---------------------------------------+---------------+-------------+-------------------+
; COMPILER_SIGNATURE_ID                ; 1097959291526.157933403608328         ; --            ; --          ; --                ;
; EDA_DESIGN_INSTANCE_NAME             ; NA                                    ; --            ; --          ; testbench         ;
; EDA_DESIGN_INSTANCE_NAME             ; NA                                    ; --            ; --          ; testbench2        ;
; EDA_DESIGN_INSTANCE_NAME             ; NA                                    ; --            ; --          ; encoder_testbench ;
; EDA_DESIGN_INSTANCE_NAME             ; NA                                    ; --            ; --          ; testbench3        ;
; EDA_NATIVELINK_SIMULATION_TEST_BENCH ; testbench                             ; --            ; --          ; eda_simulation    ;
; EDA_OUTPUT_DATA_FORMAT               ; Verilog Hdl                           ; --            ; --          ; eda_simulation    ;
; EDA_SIMULATION_TOOL                  ; ModelSim (Verilog)                    ; <None>        ; --          ; --                ;
; EDA_TEST_BENCH_ENABLE_STATUS         ; TEST_BENCH_MODE                       ; --            ; --          ; eda_simulation    ;
; EDA_TEST_BENCH_FILE                  ; testbench.v                           ; --            ; --          ; testbench         ;
; EDA_TEST_BENCH_FILE                  ; testbench2.v                          ; --            ; --          ; testbench2        ;
; EDA_TEST_BENCH_FILE                  ; encoder_testbench.v                   ; --            ; --          ; encoder_testbench ;
; EDA_TEST_BENCH_FILE                  ; testbench3.v                          ; --            ; --          ; testbench3        ;
; EDA_TEST_BENCH_MODULE_NAME           ; testbench                             ; --            ; --          ; testbench         ;
; EDA_TEST_BENCH_MODULE_NAME           ; testbench2                            ; --            ; --          ; testbench2        ;
; EDA_TEST_BENCH_MODULE_NAME           ; encoder_testbench                     ; --            ; --          ; encoder_testbench ;
; EDA_TEST_BENCH_MODULE_NAME           ; testbench3                            ; --            ; --          ; testbench3        ;
; EDA_TEST_BENCH_NAME                  ; testbench                             ; --            ; --          ; eda_simulation    ;
; EDA_TEST_BENCH_NAME                  ; testbench2                            ; --            ; --          ; eda_simulation    ;
; EDA_TEST_BENCH_NAME                  ; encoder_testbench                     ; --            ; --          ; eda_simulation    ;
; EDA_TEST_BENCH_NAME                  ; testbench3                            ; --            ; --          ; eda_simulation    ;
; EDA_TEST_BENCH_RUN_SIM_FOR           ; 1 ps                                  ; --            ; --          ; testbench         ;
; EDA_TEST_BENCH_RUN_SIM_FOR           ; 1 ps                                  ; --            ; --          ; testbench2        ;
; EDA_TEST_BENCH_RUN_SIM_FOR           ; 1 ps                                  ; --            ; --          ; encoder_testbench ;
; EDA_TEST_BENCH_RUN_SIM_FOR           ; 10 ns                                 ; --            ; --          ; testbench3        ;
; EDA_TIME_SCALE                       ; 1 ns                                  ; --            ; --          ; eda_simulation    ;
; IP_TOOL_NAME                         ; ROM: 1-PORT                           ; --            ; --          ; --                ;
; IP_TOOL_NAME                         ; Shift register (RAM-based)            ; --            ; --          ; --                ;
; IP_TOOL_NAME                         ; RAM: 1-PORT                           ; --            ; --          ; --                ;
; IP_TOOL_NAME                         ; Shift register (RAM-based)            ; --            ; --          ; --                ;
; IP_TOOL_NAME                         ; FIFO                                  ; --            ; --          ; --                ;
; IP_TOOL_VERSION                      ; 13.1                                  ; --            ; --          ; --                ;
; IP_TOOL_VERSION                      ; 13.1                                  ; --            ; --          ; --                ;
; IP_TOOL_VERSION                      ; 13.1                                  ; --            ; --          ; --                ;
; IP_TOOL_VERSION                      ; 13.1                                  ; --            ; --          ; --                ;
; IP_TOOL_VERSION                      ; 13.1                                  ; --            ; --          ; --                ;
; MAX_CORE_JUNCTION_TEMP               ; 100                                   ; --            ; --          ; --                ;
; MIN_CORE_JUNCTION_TEMP               ; -40                                   ; --            ; --          ; --                ;
; MISC_FILE                            ; rom_bb.v                              ; --            ; --          ; --                ;
; MISC_FILE                            ; shift_ram_bb.v                        ; --            ; --          ; --                ;
; MISC_FILE                            ; ram_bb.v                              ; --            ; --          ; --                ;
; MISC_FILE                            ; encoder_shift_register_bb.v           ; --            ; --          ; --                ;
; MISC_FILE                            ; fifo_bb.v                             ; --            ; --          ; --                ;
; NOMINAL_CORE_SUPPLY_VOLTAGE          ; 1.2V                                  ; --            ; --          ; --                ;
; PARTITION_COLOR                      ; 16764057                              ; --            ; img_coding  ; Top               ;
; PARTITION_FITTER_PRESERVATION_LEVEL  ; PLACEMENT_AND_ROUTING                 ; --            ; img_coding  ; Top               ;
; PARTITION_NETLIST_TYPE               ; SOURCE                                ; --            ; img_coding  ; Top               ;
; POWER_BOARD_THERMAL_MODEL            ; None (CONSERVATIVE)                   ; --            ; --          ; --                ;
; POWER_PRESET_COOLING_SOLUTION        ; 23 MM HEAT SINK WITH 200 LFPM AIRFLOW ; --            ; --          ; --                ;
; PROJECT_OUTPUT_DIRECTORY             ; output_files                          ; --            ; --          ; --                ;
; TOP_LEVEL_ENTITY                     ; img_coding                            ; coder         ; --          ; --                ;
+--------------------------------------+---------------------------------------+---------------+-------------+-------------------+


+-------------------------------------------------------------------------------------------------------------------------------+
; Flow Elapsed Time                                                                                                             ;
+---------------------------+--------------+-------------------------+---------------------+------------------------------------+
; Module Name               ; Elapsed Time ; Average Processors Used ; Peak Virtual Memory ; Total CPU Time (on all processors) ;
+---------------------------+--------------+-------------------------+---------------------+------------------------------------+
; Analysis & Synthesis      ; 00:00:21     ; 1.0                     ; 458 MB              ; 00:00:19                           ;
; Fitter                    ; 00:00:10     ; 1.3                     ; 648 MB              ; 00:00:10                           ;
; Assembler                 ; 00:00:02     ; 1.0                     ; 376 MB              ; 00:00:02                           ;
; TimeQuest Timing Analyzer ; 00:00:04     ; 1.0                     ; 416 MB              ; 00:00:04                           ;
; EDA Netlist Writer        ; 00:00:01     ; 1.0                     ; 346 MB              ; 00:00:02                           ;
; Total                     ; 00:00:38     ; --                      ; --                  ; 00:00:37                           ;
+---------------------------+--------------+-------------------------+---------------------+------------------------------------+


+----------------------------------------------------------------------------------------+
; Flow OS Summary                                                                        ;
+---------------------------+------------------+-----------+------------+----------------+
; Module Name               ; Machine Hostname ; OS Name   ; OS Version ; Processor type ;
+---------------------------+------------------+-----------+------------+----------------+
; Analysis & Synthesis      ; wxn-PC           ; Windows 7 ; 6.1        ; x86_64         ;
; Fitter                    ; wxn-PC           ; Windows 7 ; 6.1        ; x86_64         ;
; Assembler                 ; wxn-PC           ; Windows 7 ; 6.1        ; x86_64         ;
; TimeQuest Timing Analyzer ; wxn-PC           ; Windows 7 ; 6.1        ; x86_64         ;
; EDA Netlist Writer        ; wxn-PC           ; Windows 7 ; 6.1        ; x86_64         ;
+---------------------------+------------------+-----------+------------+----------------+


------------
; Flow Log ;
------------
quartus_map --read_settings_files=on --write_settings_files=off coder -c coder
quartus_fit --read_settings_files=off --write_settings_files=off coder -c coder
quartus_asm --read_settings_files=off --write_settings_files=off coder -c coder
quartus_sta coder -c coder
quartus_eda --read_settings_files=off --write_settings_files=off coder -c coder



